生成启动时间为 2018/10/12 13:57:07。
     1>项目“D:\论文\风机\MMS_Client\MMS_Client\MMS_Client\MMS_Client.vcxproj”在节点 2 上(build 个目标)。
     1>InitializeBuildStatus:
         正在创建“Debug\MMS_Client.unsuccessfulbuild”，因为已指定“AlwaysCreate”。
       ClCompile:
         所有输出均为最新。
       Link:
         d:\Program Files (x86)\Microsoft Visual Studio 10.0\VC\bin\link.exe /ERRORREPORT:PROMPT /OUT:"D:\论文\风机\MMS_Client\MMS_Client\Debug\MMS_Client.exe" /NOLOGO /LIBPATH:"D:\论文\风机\MMS_Client\MMS_Client\MMS_Client\zlib-1.2.3-bin\include" /LIBPATH:"D:\论文\风机\MMS_Client\MMS_Client\MMS_Client\libxml2-2.7.8.win32\include" /LIBPATH:"D:\论文\风机\MMS_Client\MMS_Client\MMS_Client\libiconv-1.9.2-1-bin\include" "D:\论文\风机\MMS_Client\MMS_Client\MMS_Client\zlib-1.2.3-bin\lib\zlib.lib" "D:\论文\风机\MMS_Client\MMS_Client\MMS_Client\libxml2-2.7.8.win32\lib\libxml2.lib" "D:\论文\风机\MMS_Client\MMS_Client\MMS_Client\libiconv-1.9.2-1-bin\lib\libiconv.lib" kernel32.lib user32.lib gdi32.lib winspool.lib comdlg32.lib advapi32.lib shell32.lib ole32.lib oleaut32.lib uuid.lib odbc32.lib odbccp32.lib /MANIFEST /ManifestFile:"Debug\MMS_Client.exe.intermediate.manifest" /MANIFESTUAC:"level='asInvoker' uiAccess='false'" /DEBUG /PDB:"D:\论文\风机\MMS_Client\MMS_Client\Debug\MMS_Client.pdb" /TLBID:1 /DYNAMICBASE /NXCOMPAT /IMPLIB:"D:\论文\风机\MMS_Client\MMS_Client\Debug\MMS_Client.lib" /MACHINE:X86 Debug\initiateRequest.obj
         Debug\Read.obj
         Debug\MMS_Client.obj
         LINK : 没有找到 D:\论文\风机\MMS_Client\MMS_Client\Debug\MMS_Client.exe 或上一个增量链接没有生成它；正在执行完全链接
         MMS_Client.vcxproj -> D:\论文\风机\MMS_Client\MMS_Client\Debug\MMS_Client.exe
       Manifest:
         C:\Program Files (x86)\Microsoft SDKs\Windows\v7.0A\bin\mt.exe /nologo /verbose /outputresource:"D:\论文\风机\MMS_Client\MMS_Client\Debug\MMS_Client.exe;#1" /manifest Debug\MMS_Client.exe.intermediate.manifest
       FinalizeBuildStatus:
         正在删除文件“Debug\MMS_Client.unsuccessfulbuild”。
         正在对“Debug\MMS_Client.lastbuildstate”执行 Touch 任务。
     1>已完成生成项目“D:\论文\风机\MMS_Client\MMS_Client\MMS_Client\MMS_Client.vcxproj”(build 个目标)的操作。

生成成功。

已用时间 00:00:00.56
