生成启动时间为 2018/10/12 10:28:50。
     1>项目“D:\论文\风机\MMS_Client\MMS_Server\MMS_Server\MMS_Server.vcxproj”在节点 2 上(build 个目标)。
     1>InitializeBuildStatus:
         正在创建“Debug\MMS_Server.unsuccessfulbuild”，因为已指定“AlwaysCreate”。
       ClCompile:
         d:\Program Files (x86)\Microsoft Visual Studio 10.0\VC\bin\CL.exe /c /I"D:\论文\风机\MMS_Client\MMS_Server\MMS_Server\zlib-1.2.3-bin\include" /I"D:\论文\风机\MMS_Client\MMS_Server\MMS_Server\libxml2-2.7.8.win32\include" /I"D:\论文\风机\MMS_Client\MMS_Server\MMS_Server\libiconv-1.9.2-1-bin\include" /ZI /nologo /W3 /WX- /Od /Oy- /D _MBCS /Gm /EHsc /RTC1 /MDd /GS /fp:precise /Zc:wchar_t /Zc:forScope /Fo"Debug\\" /Fd"Debug\vc100.pdb" /Gd /TP /analyze- /errorReport:prompt MMS_Server.cpp
         MMS_Server.cpp
     1>d:\论文\风机\mms_client\mms_server\mms_server\mms_server.cpp(40): warning C4996: 'sscanf': This function or variable may be unsafe. Consider using sscanf_s instead. To disable deprecation, use _CRT_SECURE_NO_WARNINGS. See online help for details.
                 d:\program files (x86)\microsoft visual studio 10.0\vc\include\stdio.h(325) : 参见“sscanf”的声明
       Link:
         d:\Program Files (x86)\Microsoft Visual Studio 10.0\VC\bin\link.exe /ERRORREPORT:PROMPT /OUT:"D:\论文\风机\MMS_Client\MMS_Server\Debug\MMS_Server.exe" /NOLOGO /LIBPATH:"D:\论文\风机\MMS_Client\MMS_Server\MMS_Server\zlib-1.2.3-bin\include" /LIBPATH:"D:\论文\风机\MMS_Client\MMS_Server\MMS_Server\libxml2-2.7.8.win32\include" /LIBPATH:"D:\论文\风机\MMS_Client\MMS_Server\MMS_Server\libiconv-1.9.2-1-bin\include" "D:\论文\风机\MMS_Client\MMS_Server\MMS_Server\libiconv-1.9.2-1-bin\lib\libiconv.lib" "D:\论文\风机\MMS_Client\MMS_Server\MMS_Server\libxml2-2.7.8.win32\lib\libxml2.lib" "D:\论文\风机\MMS_Client\MMS_Server\MMS_Server\zlib-1.2.3-bin\lib\zlib.lib" kernel32.lib user32.lib gdi32.lib winspool.lib comdlg32.lib advapi32.lib shell32.lib ole32.lib oleaut32.lib uuid.lib odbc32.lib odbccp32.lib /MANIFEST /ManifestFile:"Debug\MMS_Server.exe.intermediate.manifest" /MANIFESTUAC:"level='asInvoker' uiAccess='false'" /DEBUG /PDB:"D:\论文\风机\MMS_Client\MMS_Server\Debug\MMS_Server.pdb" /TLBID:1 /DYNAMICBASE /NXCOMPAT /IMPLIB:"D:\论文\风机\MMS_Client\MMS_Server\Debug\MMS_Server.lib" /MACHINE:X86 Debug\mmsResponse.obj
         Debug\parse_SCL.obj
         Debug\mmsRead.obj
         Debug\MMS_Server.obj
         Debug\parseSclForReport.obj
         Debug\mmsReport.obj
         LINK : 没有找到 D:\论文\风机\MMS_Client\MMS_Server\Debug\MMS_Server.exe 或上一个增量链接没有生成它；正在执行完全链接
         MMS_Server.vcxproj -> D:\论文\风机\MMS_Client\MMS_Server\Debug\MMS_Server.exe
       Manifest:
         C:\Program Files (x86)\Microsoft SDKs\Windows\v7.0A\bin\mt.exe /nologo /verbose /outputresource:"D:\论文\风机\MMS_Client\MMS_Server\Debug\MMS_Server.exe;#1" /manifest Debug\MMS_Server.exe.intermediate.manifest
       FinalizeBuildStatus:
         正在删除文件“Debug\MMS_Server.unsuccessfulbuild”。
         正在对“Debug\MMS_Server.lastbuildstate”执行 Touch 任务。
     1>已完成生成项目“D:\论文\风机\MMS_Client\MMS_Server\MMS_Server\MMS_Server.vcxproj”(build 个目标)的操作。

生成成功。

已用时间 00:00:04.52
